{"/var/www/informatique/projet/app-bank/services/accountService.ts": {"path":"/var/www/informatique/projet/app-bank/services/accountService.ts","statementMap":{"0":{"start":{"line":7,"column":4},"end":{"line":16,"column":5}},"1":{"start":{"line":8,"column":23},"end":{"line":8,"column":49}},"2":{"start":{"line":9,"column":6},"end":{"line":9,"column":26}},"3":{"start":{"line":11,"column":6},"end":{"line":14,"column":7}},"4":{"start":{"line":12,"column":8},"end":{"line":12,"column":51}},"5":{"start":{"line":13,"column":8},"end":{"line":13,"column":49}},"6":{"start":{"line":15,"column":6},"end":{"line":15,"column":67}},"7":{"start":{"line":20,"column":4},"end":{"line":29,"column":5}},"8":{"start":{"line":21,"column":22},"end":{"line":21,"column":66}},"9":{"start":{"line":22,"column":6},"end":{"line":22,"column":25}},"10":{"start":{"line":24,"column":6},"end":{"line":27,"column":7}},"11":{"start":{"line":25,"column":8},"end":{"line":25,"column":51}},"12":{"start":{"line":26,"column":8},"end":{"line":26,"column":49}},"13":{"start":{"line":28,"column":6},"end":{"line":28,"column":61}}},"fnMap":{"0":{"name":"(anonymous_0)","decl":{"start":{"line":6,"column":2},"end":{"line":6,"column":3}},"loc":{"start":{"line":6,"column":44},"end":{"line":17,"column":3}},"line":6},"1":{"name":"(anonymous_1)","decl":{"start":{"line":19,"column":2},"end":{"line":19,"column":3}},"loc":{"start":{"line":19,"column":67},"end":{"line":30,"column":3}},"line":19}},"branchMap":{"0":{"loc":{"start":{"line":11,"column":6},"end":{"line":14,"column":7}},"type":"if","locations":[{"start":{"line":11,"column":6},"end":{"line":14,"column":7}},{"start":{},"end":{}}],"line":11},"1":{"loc":{"start":{"line":24,"column":6},"end":{"line":27,"column":7}},"type":"if","locations":[{"start":{"line":24,"column":6},"end":{"line":27,"column":7}},{"start":{},"end":{}}],"line":24}},"s":{"0":3,"1":3,"2":1,"3":2,"4":1,"5":1,"6":1,"7":3,"8":3,"9":1,"10":2,"11":1,"12":1,"13":1},"f":{"0":3,"1":3},"b":{"0":[1,1],"1":[1,1]},"_coverageSchema":"1a1c01bbd47fc00a2c39e90264f33305004495a9","hash":"c951377460643167a951501b12a1754f8e663abc"}
,"/var/www/informatique/projet/app-bank/services/api.ts": {"path":"/var/www/informatique/projet/app-bank/services/api.ts","statementMap":{"0":{"start":{"line":11,"column":23},"end":{"line":11,"column":81}},"1":{"start":{"line":13,"column":27},"end":{"line":19,"column":2}},"2":{"start":{"line":21,"column":0},"end":{"line":27,"column":2}},"3":{"start":{"line":22,"column":16},"end":{"line":22,"column":52}},"4":{"start":{"line":23,"column":2},"end":{"line":25,"column":3}},"5":{"start":{"line":24,"column":4},"end":{"line":24,"column":52}},"6":{"start":{"line":26,"column":2},"end":{"line":26,"column":15}},"7":{"start":{"line":29,"column":0},"end":{"line":58,"column":1}},"8":{"start":{"line":30,"column":16},"end":{"line":30,"column":24}},"9":{"start":{"line":32,"column":28},"end":{"line":32,"column":40}},"10":{"start":{"line":34,"column":4},"end":{"line":54,"column":5}},"11":{"start":{"line":35,"column":6},"end":{"line":35,"column":35}},"12":{"start":{"line":37,"column":6},"end":{"line":53,"column":7}},"13":{"start":{"line":38,"column":29},"end":{"line":38,"column":66}},"14":{"start":{"line":39,"column":8},"end":{"line":41,"column":9}},"15":{"start":{"line":40,"column":10},"end":{"line":40,"column":59}},"16":{"start":{"line":44,"column":32},"end":{"line":44,"column":137}},"17":{"start":{"line":45,"column":63},"end":{"line":45,"column":88}},"18":{"start":{"line":46,"column":8},"end":{"line":46,"column":68}},"19":{"start":{"line":48,"column":8},"end":{"line":48,"column":71}},"20":{"start":{"line":49,"column":8},"end":{"line":49,"column":43}},"21":{"start":{"line":51,"column":8},"end":{"line":51,"column":51}},"22":{"start":{"line":52,"column":8},"end":{"line":52,"column":43}},"23":{"start":{"line":56,"column":4},"end":{"line":56,"column":32}}},"fnMap":{"0":{"name":"(anonymous_0)","decl":{"start":{"line":21,"column":29},"end":{"line":21,"column":30}},"loc":{"start":{"line":21,"column":47},"end":{"line":27,"column":1}},"line":21},"1":{"name":"(anonymous_1)","decl":{"start":{"line":30,"column":2},"end":{"line":30,"column":3}},"loc":{"start":{"line":30,"column":16},"end":{"line":30,"column":24}},"line":30},"2":{"name":"(anonymous_2)","decl":{"start":{"line":31,"column":2},"end":{"line":31,"column":3}},"loc":{"start":{"line":31,"column":19},"end":{"line":57,"column":3}},"line":31}},"branchMap":{"0":{"loc":{"start":{"line":11,"column":23},"end":{"line":11,"column":81}},"type":"binary-expr","locations":[{"start":{"line":11,"column":23},"end":{"line":11,"column":54}},{"start":{"line":11,"column":58},"end":{"line":11,"column":81}}],"line":11},"1":{"loc":{"start":{"line":23,"column":2},"end":{"line":25,"column":3}},"type":"if","locations":[{"start":{"line":23,"column":2},"end":{"line":25,"column":3}},{"start":{},"end":{}}],"line":23},"2":{"loc":{"start":{"line":34,"column":4},"end":{"line":54,"column":5}},"type":"if","locations":[{"start":{"line":34,"column":4},"end":{"line":54,"column":5}},{"start":{},"end":{}}],"line":34},"3":{"loc":{"start":{"line":34,"column":8},"end":{"line":34,"column":84}},"type":"binary-expr","locations":[{"start":{"line":34,"column":8},"end":{"line":34,"column":38}},{"start":{"line":34,"column":42},"end":{"line":34,"column":57}},{"start":{"line":34,"column":61},"end":{"line":34,"column":84}}],"line":34},"4":{"loc":{"start":{"line":39,"column":8},"end":{"line":41,"column":9}},"type":"if","locations":[{"start":{"line":39,"column":8},"end":{"line":41,"column":9}},{"start":{},"end":{}}],"line":39}},"s":{"0":1,"1":1,"2":1,"3":2,"4":2,"5":1,"6":2,"7":1,"8":1,"9":5,"10":5,"11":3,"12":3,"13":3,"14":3,"15":1,"16":2,"17":1,"18":1,"19":1,"20":1,"21":2,"22":2,"23":2},"f":{"0":2,"1":1,"2":5},"b":{"0":[1,1],"1":[1,1],"2":[3,2],"3":[5,4,4],"4":[1,2]},"_coverageSchema":"1a1c01bbd47fc00a2c39e90264f33305004495a9","hash":"eb1722195c794be582bd2698cd12bb424481d24a"}
,"/var/www/informatique/projet/app-bank/services/authService.ts": {"path":"/var/www/informatique/projet/app-bank/services/authService.ts","statementMap":{"0":{"start":{"line":18,"column":4},"end":{"line":36,"column":5}},"1":{"start":{"line":19,"column":23},"end":{"line":23,"column":8}},"2":{"start":{"line":26,"column":31},"end":{"line":26,"column":49}},"3":{"start":{"line":28,"column":6},"end":{"line":28,"column":77}},"4":{"start":{"line":29,"column":6},"end":{"line":29,"column":40}},"5":{"start":{"line":30,"column":6},"end":{"line":30,"column":17}},"6":{"start":{"line":32,"column":6},"end":{"line":34,"column":7}},"7":{"start":{"line":33,"column":8},"end":{"line":33,"column":58}},"8":{"start":{"line":35,"column":6},"end":{"line":35,"column":55}},"9":{"start":{"line":44,"column":4},"end":{"line":56,"column":5}},"10":{"start":{"line":45,"column":27},"end":{"line":45,"column":64}},"11":{"start":{"line":47,"column":6},"end":{"line":49,"column":7}},"12":{"start":{"line":48,"column":8},"end":{"line":48,"column":72}},"13":{"start":{"line":51,"column":6},"end":{"line":51,"column":39}},"14":{"start":{"line":52,"column":6},"end":{"line":52,"column":38}},"15":{"start":{"line":54,"column":6},"end":{"line":54,"column":39}},"16":{"start":{"line":55,"column":6},"end":{"line":55,"column":54}},"17":{"start":{"line":64,"column":4},"end":{"line":64,"column":42}}},"fnMap":{"0":{"name":"(anonymous_0)","decl":{"start":{"line":17,"column":2},"end":{"line":17,"column":3}},"loc":{"start":{"line":17,"column":62},"end":{"line":37,"column":3}},"line":17},"1":{"name":"(anonymous_1)","decl":{"start":{"line":43,"column":2},"end":{"line":43,"column":3}},"loc":{"start":{"line":43,"column":32},"end":{"line":57,"column":3}},"line":43},"2":{"name":"(anonymous_2)","decl":{"start":{"line":63,"column":2},"end":{"line":63,"column":3}},"loc":{"start":{"line":63,"column":44},"end":{"line":65,"column":3}},"line":63}},"branchMap":{"0":{"loc":{"start":{"line":32,"column":6},"end":{"line":34,"column":7}},"type":"if","locations":[{"start":{"line":32,"column":6},"end":{"line":34,"column":7}},{"start":{},"end":{}}],"line":32},"1":{"loc":{"start":{"line":47,"column":6},"end":{"line":49,"column":7}},"type":"if","locations":[{"start":{"line":47,"column":6},"end":{"line":49,"column":7}},{"start":{},"end":{}}],"line":47}},"s":{"0":3,"1":3,"2":1,"3":1,"4":1,"5":1,"6":2,"7":1,"8":1,"9":3,"10":3,"11":3,"12":2,"13":2,"14":2,"15":1,"16":1,"17":2},"f":{"0":3,"1":3,"2":2},"b":{"0":[1,1],"1":[2,1]},"_coverageSchema":"1a1c01bbd47fc00a2c39e90264f33305004495a9","hash":"f19222a38403bf03dba6d54b4f55912aff380c92"}
,"/var/www/informatique/projet/app-bank/services/beneficiaireService.ts": {"path":"/var/www/informatique/projet/app-bank/services/beneficiaireService.ts","statementMap":{"0":{"start":{"line":7,"column":4},"end":{"line":16,"column":5}},"1":{"start":{"line":8,"column":23},"end":{"line":8,"column":54}},"2":{"start":{"line":9,"column":6},"end":{"line":9,"column":26}},"3":{"start":{"line":11,"column":6},"end":{"line":14,"column":7}},"4":{"start":{"line":12,"column":8},"end":{"line":12,"column":51}},"5":{"start":{"line":13,"column":8},"end":{"line":13,"column":49}},"6":{"start":{"line":15,"column":6},"end":{"line":15,"column":73}},"7":{"start":{"line":20,"column":4},"end":{"line":39,"column":5}},"8":{"start":{"line":21,"column":23},"end":{"line":21,"column":77}},"9":{"start":{"line":22,"column":6},"end":{"line":22,"column":26}},"10":{"start":{"line":24,"column":6},"end":{"line":27,"column":7}},"11":{"start":{"line":25,"column":8},"end":{"line":25,"column":51}},"12":{"start":{"line":26,"column":8},"end":{"line":26,"column":49}},"13":{"start":{"line":28,"column":31},"end":{"line":28,"column":59}},"14":{"start":{"line":29,"column":6},"end":{"line":37,"column":7}},"15":{"start":{"line":30,"column":22},"end":{"line":30,"column":47}},"16":{"start":{"line":31,"column":8},"end":{"line":33,"column":9}},"17":{"start":{"line":32,"column":10},"end":{"line":32,"column":122}},"18":{"start":{"line":34,"column":8},"end":{"line":36,"column":9}},"19":{"start":{"line":35,"column":10},"end":{"line":35,"column":92}},"20":{"start":{"line":38,"column":6},"end":{"line":38,"column":100}},"21":{"start":{"line":43,"column":4},"end":{"line":51,"column":5}},"22":{"start":{"line":44,"column":6},"end":{"line":44,"column":46}},"23":{"start":{"line":46,"column":6},"end":{"line":49,"column":7}},"24":{"start":{"line":47,"column":8},"end":{"line":47,"column":51}},"25":{"start":{"line":48,"column":8},"end":{"line":48,"column":49}},"26":{"start":{"line":50,"column":6},"end":{"line":50,"column":103}}},"fnMap":{"0":{"name":"(anonymous_0)","decl":{"start":{"line":6,"column":2},"end":{"line":6,"column":3}},"loc":{"start":{"line":6,"column":54},"end":{"line":17,"column":3}},"line":6},"1":{"name":"(anonymous_1)","decl":{"start":{"line":19,"column":2},"end":{"line":19,"column":3}},"loc":{"start":{"line":19,"column":77},"end":{"line":40,"column":3}},"line":19},"2":{"name":"(anonymous_2)","decl":{"start":{"line":42,"column":2},"end":{"line":42,"column":3}},"loc":{"start":{"line":42,"column":54},"end":{"line":52,"column":3}},"line":42}},"branchMap":{"0":{"loc":{"start":{"line":11,"column":6},"end":{"line":14,"column":7}},"type":"if","locations":[{"start":{"line":11,"column":6},"end":{"line":14,"column":7}},{"start":{},"end":{}}],"line":11},"1":{"loc":{"start":{"line":24,"column":6},"end":{"line":27,"column":7}},"type":"if","locations":[{"start":{"line":24,"column":6},"end":{"line":27,"column":7}},{"start":{},"end":{}}],"line":24},"2":{"loc":{"start":{"line":29,"column":6},"end":{"line":37,"column":7}},"type":"if","locations":[{"start":{"line":29,"column":6},"end":{"line":37,"column":7}},{"start":{},"end":{}}],"line":29},"3":{"loc":{"start":{"line":29,"column":10},"end":{"line":29,"column":72}},"type":"binary-expr","locations":[{"start":{"line":29,"column":10},"end":{"line":29,"column":41}},{"start":{"line":29,"column":45},"end":{"line":29,"column":72}}],"line":29},"4":{"loc":{"start":{"line":31,"column":8},"end":{"line":33,"column":9}},"type":"if","locations":[{"start":{"line":31,"column":8},"end":{"line":33,"column":9}},{"start":{},"end":{}}],"line":31},"5":{"loc":{"start":{"line":34,"column":8},"end":{"line":36,"column":9}},"type":"if","locations":[{"start":{"line":34,"column":8},"end":{"line":36,"column":9}},{"start":{},"end":{}}],"line":34},"6":{"loc":{"start":{"line":38,"column":22},"end":{"line":38,"column":99}},"type":"binary-expr","locations":[{"start":{"line":38,"column":22},"end":{"line":38,"column":51}},{"start":{"line":38,"column":55},"end":{"line":38,"column":99}}],"line":38},"7":{"loc":{"start":{"line":46,"column":6},"end":{"line":49,"column":7}},"type":"if","locations":[{"start":{"line":46,"column":6},"end":{"line":49,"column":7}},{"start":{},"end":{}}],"line":46},"8":{"loc":{"start":{"line":50,"column":22},"end":{"line":50,"column":102}},"type":"binary-expr","locations":[{"start":{"line":50,"column":22},"end":{"line":50,"column":51}},{"start":{"line":50,"column":55},"end":{"line":50,"column":102}}],"line":50}},"s":{"0":3,"1":3,"2":1,"3":2,"4":1,"5":1,"6":1,"7":6,"8":6,"9":1,"10":5,"11":1,"12":1,"13":4,"14":4,"15":2,"16":2,"17":1,"18":1,"19":1,"20":2,"21":3,"22":3,"23":2,"24":1,"25":1,"26":1},"f":{"0":3,"1":6,"2":3},"b":{"0":[1,1],"1":[1,4],"2":[2,2],"3":[4,2],"4":[1,1],"5":[1,0],"6":[2,1],"7":[1,1],"8":[1,1]},"_coverageSchema":"1a1c01bbd47fc00a2c39e90264f33305004495a9","hash":"5867b72cf5c3f89d58b59cb1b59f47c423ac7d67"}
,"/var/www/informatique/projet/app-bank/services/biometricAuth.ts": {"path":"/var/www/informatique/projet/app-bank/services/biometricAuth.ts","statementMap":{"0":{"start":{"line":14,"column":4},"end":{"line":21,"column":5}},"1":{"start":{"line":15,"column":26},"end":{"line":15,"column":70}},"2":{"start":{"line":16,"column":25},"end":{"line":16,"column":68}},"3":{"start":{"line":17,"column":6},"end":{"line":17,"column":38}},"4":{"start":{"line":19,"column":6},"end":{"line":19,"column":77}},"5":{"start":{"line":20,"column":6},"end":{"line":20,"column":18}},"6":{"start":{"line":30,"column":4},"end":{"line":42,"column":5}},"7":{"start":{"line":31,"column":24},"end":{"line":31,"column":48}},"8":{"start":{"line":33,"column":6},"end":{"line":35,"column":7}},"9":{"start":{"line":34,"column":8},"end":{"line":34,"column":20}},"10":{"start":{"line":37,"column":21},"end":{"line":37,"column":81}},"11":{"start":{"line":38,"column":6},"end":{"line":38,"column":27}},"12":{"start":{"line":40,"column":6},"end":{"line":40,"column":77}},"13":{"start":{"line":41,"column":6},"end":{"line":41,"column":18}},"14":{"start":{"line":50,"column":4},"end":{"line":69,"column":5}},"15":{"start":{"line":51,"column":20},"end":{"line":51,"column":81}},"16":{"start":{"line":53,"column":6},"end":{"line":55,"column":7}},"17":{"start":{"line":54,"column":8},"end":{"line":54,"column":23}},"18":{"start":{"line":57,"column":6},"end":{"line":59,"column":7}},"19":{"start":{"line":58,"column":8},"end":{"line":58,"column":24}},"20":{"start":{"line":61,"column":6},"end":{"line":63,"column":7}},"21":{"start":{"line":62,"column":8},"end":{"line":62,"column":28}},"22":{"start":{"line":65,"column":6},"end":{"line":65,"column":19}},"23":{"start":{"line":67,"column":6},"end":{"line":67,"column":82}},"24":{"start":{"line":68,"column":6},"end":{"line":68,"column":19}}},"fnMap":{"0":{"name":"(anonymous_0)","decl":{"start":{"line":13,"column":2},"end":{"line":13,"column":3}},"loc":{"start":{"line":13,"column":40},"end":{"line":22,"column":3}},"line":13},"1":{"name":"(anonymous_1)","decl":{"start":{"line":29,"column":2},"end":{"line":29,"column":3}},"loc":{"start":{"line":29,"column":99},"end":{"line":43,"column":3}},"line":29},"2":{"name":"(anonymous_2)","decl":{"start":{"line":49,"column":2},"end":{"line":49,"column":3}},"loc":{"start":{"line":49,"column":44},"end":{"line":70,"column":3}},"line":49}},"branchMap":{"0":{"loc":{"start":{"line":17,"column":13},"end":{"line":17,"column":38}},"type":"binary-expr","locations":[{"start":{"line":17,"column":13},"end":{"line":17,"column":24}},{"start":{"line":17,"column":28},"end":{"line":17,"column":38}}],"line":17},"1":{"loc":{"start":{"line":29,"column":21},"end":{"line":29,"column":79}},"type":"default-arg","locations":[{"start":{"line":29,"column":45},"end":{"line":29,"column":79}}],"line":29},"2":{"loc":{"start":{"line":33,"column":6},"end":{"line":35,"column":7}},"type":"if","locations":[{"start":{"line":33,"column":6},"end":{"line":35,"column":7}},{"start":{},"end":{}}],"line":33},"3":{"loc":{"start":{"line":53,"column":6},"end":{"line":55,"column":7}},"type":"if","locations":[{"start":{"line":53,"column":6},"end":{"line":55,"column":7}},{"start":{},"end":{}}],"line":53},"4":{"loc":{"start":{"line":57,"column":6},"end":{"line":59,"column":7}},"type":"if","locations":[{"start":{"line":57,"column":6},"end":{"line":59,"column":7}},{"start":{},"end":{}}],"line":57},"5":{"loc":{"start":{"line":61,"column":6},"end":{"line":63,"column":7}},"type":"if","locations":[{"start":{"line":61,"column":6},"end":{"line":63,"column":7}},{"start":{},"end":{}}],"line":61}},"s":{"0":8,"1":8,"2":7,"3":7,"4":1,"5":1,"6":4,"7":4,"8":4,"9":1,"10":3,"11":2,"12":1,"13":1,"14":5,"15":5,"16":4,"17":1,"18":3,"19":1,"20":2,"21":1,"22":1,"23":1,"24":1},"f":{"0":8,"1":4,"2":5},"b":{"0":[7,5],"1":[3],"2":[1,3],"3":[1,3],"4":[1,2],"5":[1,1]},"_coverageSchema":"1a1c01bbd47fc00a2c39e90264f33305004495a9","hash":"83df4d78a3f6bc66b90e76cf4ef9ea07d48b5789"}
,"/var/www/informatique/projet/app-bank/services/budgetNotificationService.ts": {"path":"/var/www/informatique/projet/app-bank/services/budgetNotificationService.ts","statementMap":{"0":{"start":{"line":5,"column":19},"end":{"line":5,"column":35}},"1":{"start":{"line":8,"column":2},"end":{"line":8,"column":61}},"2":{"start":{"line":12,"column":14},"end":{"line":12,"column":56}},"3":{"start":{"line":13,"column":2},"end":{"line":13,"column":33}},"4":{"start":{"line":17,"column":21},"end":{"line":17,"column":66}},"5":{"start":{"line":18,"column":2},"end":{"line":18,"column":29}},"6":{"start":{"line":22,"column":14},"end":{"line":22,"column":24}},"7":{"start":{"line":23,"column":2},"end":{"line":32,"column":51}},"8":{"start":{"line":25,"column":16},"end":{"line":25,"column":40}},"9":{"start":{"line":26,"column":6},"end":{"line":30,"column":7}},"10":{"start":{"line":32,"column":24},"end":{"line":32,"column":47}},"11":{"start":{"line":36,"column":17},"end":{"line":36,"column":34}},"12":{"start":{"line":37,"column":2},"end":{"line":37,"column":21}},"13":{"start":{"line":37,"column":15},"end":{"line":37,"column":21}},"14":{"start":{"line":39,"column":16},"end":{"line":39,"column":38}},"15":{"start":{"line":40,"column":22},"end":{"line":40,"column":44}},"16":{"start":{"line":42,"column":2},"end":{"line":42,"column":60}},"17":{"start":{"line":44,"column":2},"end":{"line":44,"column":30}},"18":{"start":{"line":44,"column":24},"end":{"line":44,"column":30}},"19":{"start":{"line":46,"column":18},"end":{"line":46,"column":44}},"20":{"start":{"line":47,"column":2},"end":{"line":47,"column":22}},"21":{"start":{"line":47,"column":16},"end":{"line":47,"column":22}},"22":{"start":{"line":49,"column":18},"end":{"line":49,"column":36}},"23":{"start":{"line":50,"column":16},"end":{"line":50,"column":85}},"24":{"start":{"line":51,"column":16},"end":{"line":53,"column":127}},"25":{"start":{"line":55,"column":2},"end":{"line":62,"column":4}}},"fnMap":{"0":{"name":"saveBudget","decl":{"start":{"line":7,"column":22},"end":{"line":7,"column":32}},"loc":{"start":{"line":7,"column":65},"end":{"line":9,"column":1}},"line":7},"1":{"name":"getBudget","decl":{"start":{"line":11,"column":22},"end":{"line":11,"column":31}},"loc":{"start":{"line":11,"column":58},"end":{"line":14,"column":1}},"line":11},"2":{"name":"requestPermissions","decl":{"start":{"line":16,"column":22},"end":{"line":16,"column":40}},"loc":{"start":{"line":16,"column":61},"end":{"line":19,"column":1}},"line":16},"3":{"name":"getTotalMois","decl":{"start":{"line":21,"column":16},"end":{"line":21,"column":28}},"loc":{"start":{"line":21,"column":58},"end":{"line":33,"column":1}},"line":21},"4":{"name":"(anonymous_4)","decl":{"start":{"line":24,"column":12},"end":{"line":24,"column":13}},"loc":{"start":{"line":24,"column":19},"end":{"line":31,"column":5}},"line":24},"5":{"name":"(anonymous_5)","decl":{"start":{"line":32,"column":12},"end":{"line":32,"column":13}},"loc":{"start":{"line":32,"column":24},"end":{"line":32,"column":47}},"line":32},"6":{"name":"checkAndSchedule","decl":{"start":{"line":35,"column":22},"end":{"line":35,"column":38}},"loc":{"start":{"line":35,"column":75},"end":{"line":63,"column":1}},"line":35}},"branchMap":{"0":{"loc":{"start":{"line":13,"column":9},"end":{"line":13,"column":33}},"type":"cond-expr","locations":[{"start":{"line":13,"column":15},"end":{"line":13,"column":26}},{"start":{"line":13,"column":29},"end":{"line":13,"column":33}}],"line":13},"1":{"loc":{"start":{"line":27,"column":8},"end":{"line":29,"column":29}},"type":"binary-expr","locations":[{"start":{"line":27,"column":8},"end":{"line":27,"column":39}},{"start":{"line":28,"column":8},"end":{"line":28,"column":45}},{"start":{"line":29,"column":8},"end":{"line":29,"column":29}}],"line":27},"2":{"loc":{"start":{"line":37,"column":2},"end":{"line":37,"column":21}},"type":"if","locations":[{"start":{"line":37,"column":2},"end":{"line":37,"column":21}},{"start":{},"end":{}}],"line":37},"3":{"loc":{"start":{"line":44,"column":2},"end":{"line":44,"column":30}},"type":"if","locations":[{"start":{"line":44,"column":2},"end":{"line":44,"column":30}},{"start":{},"end":{}}],"line":44},"4":{"loc":{"start":{"line":47,"column":2},"end":{"line":47,"column":22}},"type":"if","locations":[{"start":{"line":47,"column":2},"end":{"line":47,"column":22}},{"start":{},"end":{}}],"line":47},"5":{"loc":{"start":{"line":50,"column":16},"end":{"line":50,"column":85}},"type":"cond-expr","locations":[{"start":{"line":50,"column":26},"end":{"line":50,"column":54}},{"start":{"line":50,"column":57},"end":{"line":50,"column":85}}],"line":50},"6":{"loc":{"start":{"line":51,"column":16},"end":{"line":53,"column":127}},"type":"cond-expr","locations":[{"start":{"line":52,"column":6},"end":{"line":52,"column":110}},{"start":{"line":53,"column":6},"end":{"line":53,"column":127}}],"line":51}},"s":{"0":1,"1":1,"2":7,"3":7,"4":5,"5":5,"6":7,"7":7,"8":9,"9":9,"10":7,"11":5,"12":5,"13":1,"14":4,"15":4,"16":4,"17":4,"18":1,"19":3,"20":3,"21":1,"22":2,"23":2,"24":2,"25":2},"f":{"0":1,"1":7,"2":5,"3":7,"4":9,"5":7,"6":5},"b":{"0":[5,2],"1":[9,8,8],"2":[1,4],"3":[1,3],"4":[1,2],"5":[1,1],"6":[1,1]},"_coverageSchema":"1a1c01bbd47fc00a2c39e90264f33305004495a9","hash":"03e60feecd072dba486d0b3f48d25034401540f6"}
,"/var/www/informatique/projet/app-bank/services/meService.ts": {"path":"/var/www/informatique/projet/app-bank/services/meService.ts","statementMap":{"0":{"start":{"line":16,"column":18},"end":{"line":55,"column":1}},"1":{"start":{"line":18,"column":8},"end":{"line":27,"column":9}},"2":{"start":{"line":19,"column":24},"end":{"line":19,"column":44}},"3":{"start":{"line":20,"column":12},"end":{"line":20,"column":27}},"4":{"start":{"line":22,"column":12},"end":{"line":25,"column":13}},"5":{"start":{"line":23,"column":16},"end":{"line":23,"column":59}},"6":{"start":{"line":24,"column":16},"end":{"line":24,"column":57}},"7":{"start":{"line":26,"column":12},"end":{"line":26,"column":71}},"8":{"start":{"line":31,"column":8},"end":{"line":40,"column":9}},"9":{"start":{"line":32,"column":12},"end":{"line":32,"column":51}},"10":{"start":{"line":34,"column":12},"end":{"line":37,"column":13}},"11":{"start":{"line":35,"column":16},"end":{"line":35,"column":59}},"12":{"start":{"line":36,"column":16},"end":{"line":36,"column":57}},"13":{"start":{"line":38,"column":24},"end":{"line":38,"column":53}},"14":{"start":{"line":39,"column":12},"end":{"line":39,"column":79}},"15":{"start":{"line":44,"column":8},"end":{"line":53,"column":9}},"16":{"start":{"line":45,"column":12},"end":{"line":45,"column":77}},"17":{"start":{"line":47,"column":12},"end":{"line":50,"column":13}},"18":{"start":{"line":48,"column":16},"end":{"line":48,"column":59}},"19":{"start":{"line":49,"column":16},"end":{"line":49,"column":57}},"20":{"start":{"line":51,"column":24},"end":{"line":51,"column":53}},"21":{"start":{"line":52,"column":12},"end":{"line":52,"column":83}}},"fnMap":{"0":{"name":"(anonymous_0)","decl":{"start":{"line":17,"column":4},"end":{"line":17,"column":5}},"loc":{"start":{"line":17,"column":45},"end":{"line":28,"column":5}},"line":17},"1":{"name":"(anonymous_1)","decl":{"start":{"line":30,"column":4},"end":{"line":30,"column":5}},"loc":{"start":{"line":30,"column":52},"end":{"line":41,"column":5}},"line":30},"2":{"name":"(anonymous_2)","decl":{"start":{"line":43,"column":4},"end":{"line":43,"column":5}},"loc":{"start":{"line":43,"column":86},"end":{"line":54,"column":5}},"line":43}},"branchMap":{"0":{"loc":{"start":{"line":22,"column":12},"end":{"line":25,"column":13}},"type":"if","locations":[{"start":{"line":22,"column":12},"end":{"line":25,"column":13}},{"start":{},"end":{}}],"line":22},"1":{"loc":{"start":{"line":34,"column":12},"end":{"line":37,"column":13}},"type":"if","locations":[{"start":{"line":34,"column":12},"end":{"line":37,"column":13}},{"start":{},"end":{}}],"line":34},"2":{"loc":{"start":{"line":39,"column":28},"end":{"line":39,"column":78}},"type":"binary-expr","locations":[{"start":{"line":39,"column":28},"end":{"line":39,"column":31}},{"start":{"line":39,"column":35},"end":{"line":39,"column":78}}],"line":39},"3":{"loc":{"start":{"line":47,"column":12},"end":{"line":50,"column":13}},"type":"if","locations":[{"start":{"line":47,"column":12},"end":{"line":50,"column":13}},{"start":{},"end":{}}],"line":47},"4":{"loc":{"start":{"line":52,"column":28},"end":{"line":52,"column":82}},"type":"binary-expr","locations":[{"start":{"line":52,"column":28},"end":{"line":52,"column":31}},{"start":{"line":52,"column":35},"end":{"line":52,"column":82}}],"line":52}},"s":{"0":1,"1":2,"2":2,"3":1,"4":1,"5":1,"6":1,"7":0,"8":4,"9":4,"10":3,"11":1,"12":1,"13":2,"14":2,"15":4,"16":4,"17":3,"18":1,"19":1,"20":2,"21":2},"f":{"0":2,"1":4,"2":4},"b":{"0":[1,0],"1":[1,2],"2":[2,1],"3":[1,2],"4":[2,1]},"_coverageSchema":"1a1c01bbd47fc00a2c39e90264f33305004495a9","hash":"10bed5cedf6b8e56580e7a5d3572143a8b5e5e7e"}
,"/var/www/informatique/projet/app-bank/services/paymentService.ts": {"path":"/var/www/informatique/projet/app-bank/services/paymentService.ts","statementMap":{"0":{"start":{"line":7,"column":4},"end":{"line":16,"column":5}},"1":{"start":{"line":8,"column":23},"end":{"line":8,"column":49}},"2":{"start":{"line":9,"column":6},"end":{"line":9,"column":26}},"3":{"start":{"line":11,"column":6},"end":{"line":14,"column":7}},"4":{"start":{"line":12,"column":8},"end":{"line":12,"column":51}},"5":{"start":{"line":13,"column":8},"end":{"line":13,"column":49}},"6":{"start":{"line":15,"column":6},"end":{"line":15,"column":69}}},"fnMap":{"0":{"name":"(anonymous_0)","decl":{"start":{"line":6,"column":2},"end":{"line":6,"column":3}},"loc":{"start":{"line":6,"column":44},"end":{"line":17,"column":3}},"line":6}},"branchMap":{"0":{"loc":{"start":{"line":11,"column":6},"end":{"line":14,"column":7}},"type":"if","locations":[{"start":{"line":11,"column":6},"end":{"line":14,"column":7}},{"start":{},"end":{}}],"line":11}},"s":{"0":3,"1":3,"2":1,"3":2,"4":1,"5":1,"6":1},"f":{"0":3},"b":{"0":[1,1]},"_coverageSchema":"1a1c01bbd47fc00a2c39e90264f33305004495a9","hash":"9cde8374b9717cece01a96f153f0a8ef7c514fec"}
,"/var/www/informatique/projet/app-bank/services/secureStorage.ts": {"path":"/var/www/informatique/projet/app-bank/services/secureStorage.ts","statementMap":{"0":{"start":{"line":12,"column":13},"end":{"line":19,"column":1}},"1":{"start":{"line":28,"column":4},"end":{"line":34,"column":5}},"2":{"start":{"line":29,"column":6},"end":{"line":29,"column":68}},"3":{"start":{"line":30,"column":6},"end":{"line":30,"column":70}},"4":{"start":{"line":32,"column":6},"end":{"line":32,"column":70}},"5":{"start":{"line":33,"column":6},"end":{"line":33,"column":61}},"6":{"start":{"line":42,"column":4},"end":{"line":48,"column":5}},"7":{"start":{"line":43,"column":20},"end":{"line":43,"column":69}},"8":{"start":{"line":44,"column":6},"end":{"line":44,"column":18}},"9":{"start":{"line":46,"column":6},"end":{"line":46,"column":80}},"10":{"start":{"line":47,"column":6},"end":{"line":47,"column":17}},"11":{"start":{"line":56,"column":4},"end":{"line":62,"column":5}},"12":{"start":{"line":57,"column":20},"end":{"line":57,"column":70}},"13":{"start":{"line":58,"column":6},"end":{"line":58,"column":18}},"14":{"start":{"line":60,"column":6},"end":{"line":60,"column":78}},"15":{"start":{"line":61,"column":6},"end":{"line":61,"column":17}},"16":{"start":{"line":69,"column":4},"end":{"line":75,"column":5}},"17":{"start":{"line":70,"column":6},"end":{"line":70,"column":58}},"18":{"start":{"line":71,"column":6},"end":{"line":71,"column":59}},"19":{"start":{"line":73,"column":6},"end":{"line":73,"column":71}},"20":{"start":{"line":74,"column":6},"end":{"line":74,"column":59}},"21":{"start":{"line":83,"column":4},"end":{"line":88,"column":5}},"22":{"start":{"line":84,"column":6},"end":{"line":84,"column":80}},"23":{"start":{"line":86,"column":6},"end":{"line":86,"column":84}},"24":{"start":{"line":87,"column":6},"end":{"line":87,"column":72}},"25":{"start":{"line":96,"column":4},"end":{"line":102,"column":5}},"26":{"start":{"line":97,"column":20},"end":{"line":97,"column":74}},"27":{"start":{"line":98,"column":6},"end":{"line":98,"column":29}},"28":{"start":{"line":100,"column":6},"end":{"line":100,"column":86}},"29":{"start":{"line":101,"column":6},"end":{"line":101,"column":18}},"30":{"start":{"line":110,"column":18},"end":{"line":110,"column":45}},"31":{"start":{"line":111,"column":4},"end":{"line":111,"column":25}},"32":{"start":{"line":120,"column":4},"end":{"line":126,"column":5}},"33":{"start":{"line":121,"column":6},"end":{"line":121,"column":60}},"34":{"start":{"line":122,"column":6},"end":{"line":122,"column":66}},"35":{"start":{"line":124,"column":6},"end":{"line":124,"column":75}},"36":{"start":{"line":125,"column":6},"end":{"line":125,"column":66}},"37":{"start":{"line":134,"column":4},"end":{"line":145,"column":5}},"38":{"start":{"line":135,"column":20},"end":{"line":135,"column":67}},"39":{"start":{"line":136,"column":23},"end":{"line":136,"column":73}},"40":{"start":{"line":138,"column":6},"end":{"line":140,"column":7}},"41":{"start":{"line":139,"column":8},"end":{"line":139,"column":34}},"42":{"start":{"line":141,"column":6},"end":{"line":141,"column":17}},"43":{"start":{"line":143,"column":6},"end":{"line":143,"column":77}},"44":{"start":{"line":144,"column":6},"end":{"line":144,"column":17}},"45":{"start":{"line":152,"column":4},"end":{"line":157,"column":5}},"46":{"start":{"line":153,"column":6},"end":{"line":153,"column":56}},"47":{"start":{"line":154,"column":6},"end":{"line":154,"column":59}},"48":{"start":{"line":156,"column":6},"end":{"line":156,"column":76}},"49":{"start":{"line":161,"column":6},"end":{"line":167,"column":7}},"50":{"start":{"line":162,"column":27},"end":{"line":162,"column":47}},"51":{"start":{"line":163,"column":8},"end":{"line":163,"column":61}},"52":{"start":{"line":165,"column":8},"end":{"line":165,"column":69}},"53":{"start":{"line":166,"column":8},"end":{"line":166,"column":60}},"54":{"start":{"line":171,"column":2},"end":{"line":182,"column":3}},"55":{"start":{"line":172,"column":26},"end":{"line":172,"column":67}},"56":{"start":{"line":173,"column":6},"end":{"line":177,"column":7}},"57":{"start":{"line":174,"column":8},"end":{"line":174,"column":32}},"58":{"start":{"line":175,"column":8},"end":{"line":175,"column":38}},"59":{"start":{"line":178,"column":6},"end":{"line":178,"column":17}},"60":{"start":{"line":180,"column":4},"end":{"line":180,"column":67}},"61":{"start":{"line":181,"column":4},"end":{"line":181,"column":54}},"62":{"start":{"line":186,"column":2},"end":{"line":192,"column":3}},"63":{"start":{"line":187,"column":4},"end":{"line":187,"column":48}},"64":{"start":{"line":188,"column":4},"end":{"line":188,"column":32}},"65":{"start":{"line":190,"column":4},"end":{"line":190,"column":64}},"66":{"start":{"line":191,"column":4},"end":{"line":191,"column":54}}},"fnMap":{"0":{"name":"(anonymous_0)","decl":{"start":{"line":27,"column":2},"end":{"line":27,"column":3}},"loc":{"start":{"line":27,"column":77},"end":{"line":35,"column":3}},"line":27},"1":{"name":"(anonymous_1)","decl":{"start":{"line":41,"column":2},"end":{"line":41,"column":3}},"loc":{"start":{"line":41,"column":49},"end":{"line":49,"column":3}},"line":41},"2":{"name":"(anonymous_2)","decl":{"start":{"line":55,"column":2},"end":{"line":55,"column":3}},"loc":{"start":{"line":55,"column":50},"end":{"line":63,"column":3}},"line":55},"3":{"name":"(anonymous_3)","decl":{"start":{"line":68,"column":2},"end":{"line":68,"column":3}},"loc":{"start":{"line":68,"column":37},"end":{"line":76,"column":3}},"line":68},"4":{"name":"(anonymous_4)","decl":{"start":{"line":82,"column":2},"end":{"line":82,"column":3}},"loc":{"start":{"line":82,"column":62},"end":{"line":89,"column":3}},"line":82},"5":{"name":"(anonymous_5)","decl":{"start":{"line":95,"column":2},"end":{"line":95,"column":3}},"loc":{"start":{"line":95,"column":47},"end":{"line":103,"column":3}},"line":95},"6":{"name":"(anonymous_6)","decl":{"start":{"line":109,"column":2},"end":{"line":109,"column":3}},"loc":{"start":{"line":109,"column":38},"end":{"line":112,"column":3}},"line":109},"7":{"name":"(anonymous_7)","decl":{"start":{"line":119,"column":2},"end":{"line":119,"column":3}},"loc":{"start":{"line":119,"column":72},"end":{"line":127,"column":3}},"line":119},"8":{"name":"(anonymous_8)","decl":{"start":{"line":133,"column":2},"end":{"line":133,"column":3}},"loc":{"start":{"line":133,"column":78},"end":{"line":146,"column":3}},"line":133},"9":{"name":"(anonymous_9)","decl":{"start":{"line":151,"column":2},"end":{"line":151,"column":3}},"loc":{"start":{"line":151,"column":43},"end":{"line":158,"column":3}},"line":151},"10":{"name":"(anonymous_10)","decl":{"start":{"line":160,"column":1},"end":{"line":160,"column":2}},"loc":{"start":{"line":160,"column":27},"end":{"line":168,"column":2}},"line":160},"11":{"name":"(anonymous_11)","decl":{"start":{"line":170,"column":1},"end":{"line":170,"column":2}},"loc":{"start":{"line":170,"column":38},"end":{"line":183,"column":2}},"line":170},"12":{"name":"(anonymous_12)","decl":{"start":{"line":185,"column":1},"end":{"line":185,"column":2}},"loc":{"start":{"line":185,"column":34},"end":{"line":193,"column":2}},"line":185}},"branchMap":{"0":{"loc":{"start":{"line":138,"column":6},"end":{"line":140,"column":7}},"type":"if","locations":[{"start":{"line":138,"column":6},"end":{"line":140,"column":7}},{"start":{},"end":{}}],"line":138},"1":{"loc":{"start":{"line":138,"column":10},"end":{"line":138,"column":27}},"type":"binary-expr","locations":[{"start":{"line":138,"column":10},"end":{"line":138,"column":15}},{"start":{"line":138,"column":19},"end":{"line":138,"column":27}}],"line":138},"2":{"loc":{"start":{"line":173,"column":6},"end":{"line":177,"column":7}},"type":"if","locations":[{"start":{"line":173,"column":6},"end":{"line":177,"column":7}},{"start":{},"end":{}}],"line":173}},"s":{"0":1,"1":2,"2":2,"3":1,"4":1,"5":1,"6":4,"7":4,"8":3,"9":1,"10":1,"11":2,"12":2,"13":1,"14":1,"15":1,"16":2,"17":2,"18":1,"19":1,"20":1,"21":2,"22":2,"23":1,"24":1,"25":4,"26":4,"27":3,"28":1,"29":1,"30":2,"31":2,"32":2,"33":2,"34":1,"35":1,"36":1,"37":3,"38":3,"39":2,"40":2,"41":1,"42":1,"43":1,"44":1,"45":1,"46":1,"47":0,"48":1,"49":2,"50":2,"51":2,"52":1,"53":1,"54":3,"55":3,"56":2,"57":1,"58":1,"59":1,"60":1,"61":1,"62":2,"63":2,"64":1,"65":1,"66":1},"f":{"0":2,"1":4,"2":2,"3":2,"4":2,"5":4,"6":2,"7":2,"8":3,"9":1,"10":2,"11":3,"12":2},"b":{"0":[1,1],"1":[2,2],"2":[1,1]},"_coverageSchema":"1a1c01bbd47fc00a2c39e90264f33305004495a9","hash":"8ee11448b112bb63c4faa77492046863a22ef6b1"}
,"/var/www/informatique/projet/app-bank/services/transactionService.ts": {"path":"/var/www/informatique/projet/app-bank/services/transactionService.ts","statementMap":{"0":{"start":{"line":7,"column":4},"end":{"line":16,"column":5}},"1":{"start":{"line":8,"column":23},"end":{"line":8,"column":53}},"2":{"start":{"line":9,"column":6},"end":{"line":9,"column":26}},"3":{"start":{"line":11,"column":6},"end":{"line":14,"column":7}},"4":{"start":{"line":12,"column":8},"end":{"line":12,"column":51}},"5":{"start":{"line":13,"column":8},"end":{"line":13,"column":49}},"6":{"start":{"line":15,"column":6},"end":{"line":15,"column":72}},"7":{"start":{"line":20,"column":4},"end":{"line":34,"column":5}},"8":{"start":{"line":21,"column":23},"end":{"line":26,"column":8}},"9":{"start":{"line":27,"column":6},"end":{"line":27,"column":26}},"10":{"start":{"line":29,"column":6},"end":{"line":32,"column":7}},"11":{"start":{"line":30,"column":8},"end":{"line":30,"column":51}},"12":{"start":{"line":31,"column":8},"end":{"line":31,"column":49}},"13":{"start":{"line":33,"column":6},"end":{"line":33,"column":96}},"14":{"start":{"line":38,"column":4},"end":{"line":52,"column":5}},"15":{"start":{"line":39,"column":23},"end":{"line":44,"column":8}},"16":{"start":{"line":45,"column":6},"end":{"line":45,"column":26}},"17":{"start":{"line":47,"column":6},"end":{"line":50,"column":7}},"18":{"start":{"line":48,"column":8},"end":{"line":48,"column":51}},"19":{"start":{"line":49,"column":8},"end":{"line":49,"column":49}},"20":{"start":{"line":51,"column":6},"end":{"line":51,"column":96}}},"fnMap":{"0":{"name":"(anonymous_0)","decl":{"start":{"line":6,"column":2},"end":{"line":6,"column":3}},"loc":{"start":{"line":6,"column":52},"end":{"line":17,"column":3}},"line":6},"1":{"name":"(anonymous_1)","decl":{"start":{"line":19,"column":2},"end":{"line":19,"column":3}},"loc":{"start":{"line":19,"column":140},"end":{"line":35,"column":3}},"line":19},"2":{"name":"(anonymous_2)","decl":{"start":{"line":37,"column":2},"end":{"line":37,"column":3}},"loc":{"start":{"line":37,"column":139},"end":{"line":53,"column":3}},"line":37}},"branchMap":{"0":{"loc":{"start":{"line":11,"column":6},"end":{"line":14,"column":7}},"type":"if","locations":[{"start":{"line":11,"column":6},"end":{"line":14,"column":7}},{"start":{},"end":{}}],"line":11},"1":{"loc":{"start":{"line":29,"column":6},"end":{"line":32,"column":7}},"type":"if","locations":[{"start":{"line":29,"column":6},"end":{"line":32,"column":7}},{"start":{},"end":{}}],"line":29},"2":{"loc":{"start":{"line":33,"column":22},"end":{"line":33,"column":95}},"type":"binary-expr","locations":[{"start":{"line":33,"column":22},"end":{"line":33,"column":51}},{"start":{"line":33,"column":55},"end":{"line":33,"column":95}}],"line":33},"3":{"loc":{"start":{"line":47,"column":6},"end":{"line":50,"column":7}},"type":"if","locations":[{"start":{"line":47,"column":6},"end":{"line":50,"column":7}},{"start":{},"end":{}}],"line":47},"4":{"loc":{"start":{"line":51,"column":22},"end":{"line":51,"column":95}},"type":"binary-expr","locations":[{"start":{"line":51,"column":22},"end":{"line":51,"column":51}},{"start":{"line":51,"column":55},"end":{"line":51,"column":95}}],"line":51}},"s":{"0":3,"1":3,"2":1,"3":2,"4":1,"5":1,"6":1,"7":3,"8":3,"9":1,"10":2,"11":1,"12":1,"13":1,"14":3,"15":3,"16":1,"17":2,"18":1,"19":1,"20":1},"f":{"0":3,"1":3,"2":3},"b":{"0":[1,1],"1":[1,1],"2":[1,0],"3":[1,1],"4":[1,1]},"_coverageSchema":"1a1c01bbd47fc00a2c39e90264f33305004495a9","hash":"0e585ed21d0cee3dc2ffcb9995b525cb57aaa271"}
,"/var/www/informatique/projet/app-bank/services/virementProgrammeService.ts": {"path":"/var/www/informatique/projet/app-bank/services/virementProgrammeService.ts","statementMap":{"0":{"start":{"line":7,"column":4},"end":{"line":16,"column":5}},"1":{"start":{"line":8,"column":23},"end":{"line":8,"column":61}},"2":{"start":{"line":9,"column":6},"end":{"line":9,"column":26}},"3":{"start":{"line":11,"column":6},"end":{"line":14,"column":7}},"4":{"start":{"line":12,"column":8},"end":{"line":12,"column":51}},"5":{"start":{"line":13,"column":8},"end":{"line":13,"column":49}},"6":{"start":{"line":15,"column":6},"end":{"line":15,"column":80}},"7":{"start":{"line":28,"column":4},"end":{"line":45,"column":5}},"8":{"start":{"line":29,"column":23},"end":{"line":37,"column":8}},"9":{"start":{"line":38,"column":6},"end":{"line":38,"column":26}},"10":{"start":{"line":40,"column":6},"end":{"line":43,"column":7}},"11":{"start":{"line":41,"column":8},"end":{"line":41,"column":51}},"12":{"start":{"line":42,"column":8},"end":{"line":42,"column":49}},"13":{"start":{"line":44,"column":6},"end":{"line":44,"column":106}},"14":{"start":{"line":49,"column":4},"end":{"line":57,"column":5}},"15":{"start":{"line":50,"column":6},"end":{"line":50,"column":53}},"16":{"start":{"line":52,"column":6},"end":{"line":55,"column":7}},"17":{"start":{"line":53,"column":8},"end":{"line":53,"column":51}},"18":{"start":{"line":54,"column":8},"end":{"line":54,"column":49}},"19":{"start":{"line":56,"column":6},"end":{"line":56,"column":107}}},"fnMap":{"0":{"name":"(anonymous_0)","decl":{"start":{"line":6,"column":2},"end":{"line":6,"column":3}},"loc":{"start":{"line":6,"column":65},"end":{"line":17,"column":3}},"line":6},"1":{"name":"(anonymous_1)","decl":{"start":{"line":19,"column":2},"end":{"line":19,"column":3}},"loc":{"start":{"line":27,"column":32},"end":{"line":46,"column":3}},"line":27},"2":{"name":"(anonymous_2)","decl":{"start":{"line":48,"column":2},"end":{"line":48,"column":3}},"loc":{"start":{"line":48,"column":60},"end":{"line":58,"column":3}},"line":48}},"branchMap":{"0":{"loc":{"start":{"line":11,"column":6},"end":{"line":14,"column":7}},"type":"if","locations":[{"start":{"line":11,"column":6},"end":{"line":14,"column":7}},{"start":{},"end":{}}],"line":11},"1":{"loc":{"start":{"line":40,"column":6},"end":{"line":43,"column":7}},"type":"if","locations":[{"start":{"line":40,"column":6},"end":{"line":43,"column":7}},{"start":{},"end":{}}],"line":40},"2":{"loc":{"start":{"line":44,"column":22},"end":{"line":44,"column":105}},"type":"binary-expr","locations":[{"start":{"line":44,"column":22},"end":{"line":44,"column":51}},{"start":{"line":44,"column":55},"end":{"line":44,"column":105}}],"line":44},"3":{"loc":{"start":{"line":52,"column":6},"end":{"line":55,"column":7}},"type":"if","locations":[{"start":{"line":52,"column":6},"end":{"line":55,"column":7}},{"start":{},"end":{}}],"line":52},"4":{"loc":{"start":{"line":56,"column":22},"end":{"line":56,"column":106}},"type":"binary-expr","locations":[{"start":{"line":56,"column":22},"end":{"line":56,"column":51}},{"start":{"line":56,"column":55},"end":{"line":56,"column":106}}],"line":56}},"s":{"0":3,"1":3,"2":1,"3":2,"4":1,"5":1,"6":1,"7":3,"8":3,"9":1,"10":2,"11":1,"12":1,"13":1,"14":3,"15":3,"16":2,"17":1,"18":1,"19":1},"f":{"0":3,"1":3,"2":3},"b":{"0":[1,1],"1":[1,1],"2":[1,0],"3":[1,1],"4":[1,1]},"_coverageSchema":"1a1c01bbd47fc00a2c39e90264f33305004495a9","hash":"70755ed04273ea4b6db65bf181a156b23522f5d1"}
,"/var/www/informatique/projet/app-bank/utils/dateFormatter.ts": {"path":"/var/www/informatique/projet/app-bank/utils/dateFormatter.ts","statementMap":{"0":{"start":{"line":6,"column":26},"end":{"line":14,"column":1}},"1":{"start":{"line":7,"column":15},"end":{"line":7,"column":32}},"2":{"start":{"line":9,"column":14},"end":{"line":9,"column":56}},"3":{"start":{"line":10,"column":16},"end":{"line":10,"column":65}},"4":{"start":{"line":11,"column":15},"end":{"line":11,"column":33}},"5":{"start":{"line":13,"column":2},"end":{"line":13,"column":34}}},"fnMap":{"0":{"name":"(anonymous_0)","decl":{"start":{"line":6,"column":26},"end":{"line":6,"column":27}},"loc":{"start":{"line":6,"column":55},"end":{"line":14,"column":1}},"line":6}},"branchMap":{},"s":{"0":1,"1":2,"2":2,"3":2,"4":2,"5":2},"f":{"0":2},"b":{},"_coverageSchema":"1a1c01bbd47fc00a2c39e90264f33305004495a9","hash":"30afbdea8592ca2ad0742ef3201f4300955b602b"}
,"/var/www/informatique/projet/app-bank/utils/sessionManager.ts": {"path":"/var/www/informatique/projet/app-bank/utils/sessionManager.ts","statementMap":{"0":{"start":{"line":6,"column":4},"end":{"line":6,"column":37}},"1":{"start":{"line":7,"column":4},"end":{"line":7,"column":36}},"2":{"start":{"line":8,"column":4},"end":{"line":8,"column":35}},"3":{"start":{"line":12,"column":4},"end":{"line":14,"column":51}}},"fnMap":{"0":{"name":"(anonymous_0)","decl":{"start":{"line":5,"column":2},"end":{"line":5,"column":3}},"loc":{"start":{"line":5,"column":46},"end":{"line":9,"column":3}},"line":5},"1":{"name":"(anonymous_1)","decl":{"start":{"line":11,"column":2},"end":{"line":11,"column":3}},"loc":{"start":{"line":11,"column":45},"end":{"line":15,"column":3}},"line":11}},"branchMap":{"0":{"loc":{"start":{"line":12,"column":11},"end":{"line":14,"column":51}},"type":"binary-expr","locations":[{"start":{"line":12,"column":11},"end":{"line":12,"column":41}},{"start":{"line":13,"column":11},"end":{"line":13,"column":53}},{"start":{"line":14,"column":11},"end":{"line":14,"column":51}}],"line":12}},"s":{"0":1,"1":1,"2":1,"3":6},"f":{"0":1,"1":6},"b":{"0":[6,5,4]},"_coverageSchema":"1a1c01bbd47fc00a2c39e90264f33305004495a9","hash":"208d12c346a73607cc0234ceae415941440c4685"}
}
