TN:
SF:services/accountService.ts
FN:6,(anonymous_0)
FN:19,(anonymous_1)
FNF:2
FNH:2
FNDA:3,(anonymous_0)
FNDA:3,(anonymous_1)
DA:7,3
DA:8,3
DA:9,1
DA:11,2
DA:12,1
DA:13,1
DA:15,1
DA:20,3
DA:21,3
DA:22,1
DA:24,2
DA:25,1
DA:26,1
DA:28,1
LF:14
LH:14
BRDA:11,0,0,1
BRDA:11,0,1,1
BRDA:24,1,0,1
BRDA:24,1,1,1
BRF:4
BRH:4
end_of_record
TN:
SF:services/api.ts
FN:21,(anonymous_0)
FN:30,(anonymous_1)
FN:31,(anonymous_2)
FNF:3
FNH:3
FNDA:2,(anonymous_0)
FNDA:1,(anonymous_1)
FNDA:5,(anonymous_2)
DA:11,1
DA:13,1
DA:21,1
DA:22,2
DA:23,2
DA:24,1
DA:26,2
DA:29,1
DA:30,1
DA:32,5
DA:34,5
DA:35,3
DA:37,3
DA:38,3
DA:39,3
DA:40,1
DA:44,2
DA:45,1
DA:46,1
DA:48,1
DA:49,1
DA:51,2
DA:52,2
DA:56,2
LF:24
LH:24
BRDA:11,0,0,1
BRDA:11,0,1,1
BRDA:23,1,0,1
BRDA:23,1,1,1
BRDA:34,2,0,3
BRDA:34,2,1,2
BRDA:34,3,0,5
BRDA:34,3,1,4
BRDA:34,3,2,4
BRDA:39,4,0,1
BRDA:39,4,1,2
BRF:11
BRH:11
end_of_record
TN:
SF:services/authService.ts
FN:17,(anonymous_0)
FN:43,(anonymous_1)
FN:63,(anonymous_2)
FNF:3
FNH:3
FNDA:3,(anonymous_0)
FNDA:3,(anonymous_1)
FNDA:2,(anonymous_2)
DA:18,3
DA:19,3
DA:26,1
DA:28,1
DA:29,1
DA:30,1
DA:32,2
DA:33,1
DA:35,1
DA:44,3
DA:45,3
DA:47,3
DA:48,2
DA:51,2
DA:52,2
DA:54,1
DA:55,1
DA:64,2
LF:18
LH:18
BRDA:32,0,0,1
BRDA:32,0,1,1
BRDA:47,1,0,2
BRDA:47,1,1,1
BRF:4
BRH:4
end_of_record
TN:
SF:services/beneficiaireService.ts
FN:6,(anonymous_0)
FN:19,(anonymous_1)
FN:42,(anonymous_2)
FNF:3
FNH:3
FNDA:3,(anonymous_0)
FNDA:6,(anonymous_1)
FNDA:3,(anonymous_2)
DA:7,3
DA:8,3
DA:9,1
DA:11,2
DA:12,1
DA:13,1
DA:15,1
DA:20,6
DA:21,6
DA:22,1
DA:24,5
DA:25,1
DA:26,1
DA:28,4
DA:29,4
DA:30,2
DA:31,2
DA:32,1
DA:34,1
DA:35,1
DA:38,2
DA:43,3
DA:44,3
DA:46,2
DA:47,1
DA:48,1
DA:50,1
LF:27
LH:27
BRDA:11,0,0,1
BRDA:11,0,1,1
BRDA:24,1,0,1
BRDA:24,1,1,4
BRDA:29,2,0,2
BRDA:29,2,1,2
BRDA:29,3,0,4
BRDA:29,3,1,2
BRDA:31,4,0,1
BRDA:31,4,1,1
BRDA:34,5,0,1
BRDA:34,5,1,0
BRDA:38,6,0,2
BRDA:38,6,1,1
BRDA:46,7,0,1
BRDA:46,7,1,1
BRDA:50,8,0,1
BRDA:50,8,1,1
BRF:18
BRH:17
end_of_record
TN:
SF:services/biometricAuth.ts
FN:13,(anonymous_0)
FN:29,(anonymous_1)
FN:49,(anonymous_2)
FNF:3
FNH:3
FNDA:8,(anonymous_0)
FNDA:4,(anonymous_1)
FNDA:5,(anonymous_2)
DA:14,8
DA:15,8
DA:16,7
DA:17,7
DA:19,1
DA:20,1
DA:30,4
DA:31,4
DA:33,4
DA:34,1
DA:37,3
DA:38,2
DA:40,1
DA:41,1
DA:50,5
DA:51,5
DA:53,4
DA:54,1
DA:57,3
DA:58,1
DA:61,2
DA:62,1
DA:65,1
DA:67,1
DA:68,1
LF:25
LH:25
BRDA:17,0,0,7
BRDA:17,0,1,5
BRDA:29,1,0,3
BRDA:33,2,0,1
BRDA:33,2,1,3
BRDA:53,3,0,1
BRDA:53,3,1,3
BRDA:57,4,0,1
BRDA:57,4,1,2
BRDA:61,5,0,1
BRDA:61,5,1,1
BRF:11
BRH:11
end_of_record
TN:
SF:services/budgetNotificationService.ts
FN:7,saveBudget
FN:11,getBudget
FN:16,requestPermissions
FN:21,getTotalMois
FN:24,(anonymous_4)
FN:32,(anonymous_5)
FN:35,checkAndSchedule
FNF:7
FNH:7
FNDA:1,saveBudget
FNDA:7,getBudget
FNDA:5,requestPermissions
FNDA:7,getTotalMois
FNDA:9,(anonymous_4)
FNDA:7,(anonymous_5)
FNDA:5,checkAndSchedule
DA:5,1
DA:8,1
DA:12,7
DA:13,7
DA:17,5
DA:18,5
DA:22,7
DA:23,7
DA:25,9
DA:26,9
DA:32,7
DA:36,5
DA:37,5
DA:39,4
DA:40,4
DA:42,4
DA:44,4
DA:46,3
DA:47,3
DA:49,2
DA:50,2
DA:51,2
DA:55,2
LF:23
LH:23
BRDA:13,0,0,5
BRDA:13,0,1,2
BRDA:27,1,0,9
BRDA:27,1,1,8
BRDA:27,1,2,8
BRDA:37,2,0,1
BRDA:37,2,1,4
BRDA:44,3,0,1
BRDA:44,3,1,3
BRDA:47,4,0,1
BRDA:47,4,1,2
BRDA:50,5,0,1
BRDA:50,5,1,1
BRDA:51,6,0,1
BRDA:51,6,1,1
BRF:15
BRH:15
end_of_record
TN:
SF:services/meService.ts
FN:17,(anonymous_0)
FN:30,(anonymous_1)
FN:43,(anonymous_2)
FNF:3
FNH:3
FNDA:2,(anonymous_0)
FNDA:4,(anonymous_1)
FNDA:4,(anonymous_2)
DA:16,1
DA:18,2
DA:19,2
DA:20,1
DA:22,1
DA:23,1
DA:24,1
DA:26,0
DA:31,4
DA:32,4
DA:34,3
DA:35,1
DA:36,1
DA:38,2
DA:39,2
DA:44,4
DA:45,4
DA:47,3
DA:48,1
DA:49,1
DA:51,2
DA:52,2
LF:22
LH:21
BRDA:22,0,0,1
BRDA:22,0,1,0
BRDA:34,1,0,1
BRDA:34,1,1,2
BRDA:39,2,0,2
BRDA:39,2,1,1
BRDA:47,3,0,1
BRDA:47,3,1,2
BRDA:52,4,0,2
BRDA:52,4,1,1
BRF:10
BRH:9
end_of_record
TN:
SF:services/paymentService.ts
FN:6,(anonymous_0)
FNF:1
FNH:1
FNDA:3,(anonymous_0)
DA:7,3
DA:8,3
DA:9,1
DA:11,2
DA:12,1
DA:13,1
DA:15,1
LF:7
LH:7
BRDA:11,0,0,1
BRDA:11,0,1,1
BRF:2
BRH:2
end_of_record
TN:
SF:services/secureStorage.ts
FN:27,(anonymous_0)
FN:41,(anonymous_1)
FN:55,(anonymous_2)
FN:68,(anonymous_3)
FN:82,(anonymous_4)
FN:95,(anonymous_5)
FN:109,(anonymous_6)
FN:119,(anonymous_7)
FN:133,(anonymous_8)
FN:151,(anonymous_9)
FN:160,(anonymous_10)
FN:170,(anonymous_11)
FN:185,(anonymous_12)
FNF:13
FNH:13
FNDA:2,(anonymous_0)
FNDA:4,(anonymous_1)
FNDA:2,(anonymous_2)
FNDA:2,(anonymous_3)
FNDA:2,(anonymous_4)
FNDA:4,(anonymous_5)
FNDA:2,(anonymous_6)
FNDA:2,(anonymous_7)
FNDA:3,(anonymous_8)
FNDA:1,(anonymous_9)
FNDA:2,(anonymous_10)
FNDA:3,(anonymous_11)
FNDA:2,(anonymous_12)
DA:12,1
DA:28,2
DA:29,2
DA:30,1
DA:32,1
DA:33,1
DA:42,4
DA:43,4
DA:44,3
DA:46,1
DA:47,1
DA:56,2
DA:57,2
DA:58,1
DA:60,1
DA:61,1
DA:69,2
DA:70,2
DA:71,1
DA:73,1
DA:74,1
DA:83,2
DA:84,2
DA:86,1
DA:87,1
DA:96,4
DA:97,4
DA:98,3
DA:100,1
DA:101,1
DA:110,2
DA:111,2
DA:120,2
DA:121,2
DA:122,1
DA:124,1
DA:125,1
DA:134,3
DA:135,3
DA:136,2
DA:138,2
DA:139,1
DA:141,1
DA:143,1
DA:144,1
DA:152,1
DA:153,1
DA:154,0
DA:156,1
DA:161,2
DA:162,2
DA:163,2
DA:165,1
DA:166,1
DA:171,3
DA:172,3
DA:173,2
DA:174,1
DA:175,1
DA:178,1
DA:180,1
DA:181,1
DA:186,2
DA:187,2
DA:188,1
DA:190,1
DA:191,1
LF:67
LH:66
BRDA:138,0,0,1
BRDA:138,0,1,1
BRDA:138,1,0,2
BRDA:138,1,1,2
BRDA:173,2,0,1
BRDA:173,2,1,1
BRF:6
BRH:6
end_of_record
TN:
SF:services/transactionService.ts
FN:6,(anonymous_0)
FN:19,(anonymous_1)
FN:37,(anonymous_2)
FNF:3
FNH:3
FNDA:3,(anonymous_0)
FNDA:3,(anonymous_1)
FNDA:3,(anonymous_2)
DA:7,3
DA:8,3
DA:9,1
DA:11,2
DA:12,1
DA:13,1
DA:15,1
DA:20,3
DA:21,3
DA:27,1
DA:29,2
DA:30,1
DA:31,1
DA:33,1
DA:38,3
DA:39,3
DA:45,1
DA:47,2
DA:48,1
DA:49,1
DA:51,1
LF:21
LH:21
BRDA:11,0,0,1
BRDA:11,0,1,1
BRDA:29,1,0,1
BRDA:29,1,1,1
BRDA:33,2,0,1
BRDA:33,2,1,0
BRDA:47,3,0,1
BRDA:47,3,1,1
BRDA:51,4,0,1
BRDA:51,4,1,1
BRF:10
BRH:9
end_of_record
TN:
SF:services/virementProgrammeService.ts
FN:6,(anonymous_0)
FN:19,(anonymous_1)
FN:48,(anonymous_2)
FNF:3
FNH:3
FNDA:3,(anonymous_0)
FNDA:3,(anonymous_1)
FNDA:3,(anonymous_2)
DA:7,3
DA:8,3
DA:9,1
DA:11,2
DA:12,1
DA:13,1
DA:15,1
DA:28,3
DA:29,3
DA:38,1
DA:40,2
DA:41,1
DA:42,1
DA:44,1
DA:49,3
DA:50,3
DA:52,2
DA:53,1
DA:54,1
DA:56,1
LF:20
LH:20
BRDA:11,0,0,1
BRDA:11,0,1,1
BRDA:40,1,0,1
BRDA:40,1,1,1
BRDA:44,2,0,1
BRDA:44,2,1,0
BRDA:52,3,0,1
BRDA:52,3,1,1
BRDA:56,4,0,1
BRDA:56,4,1,1
BRF:10
BRH:9
end_of_record
TN:
SF:utils/dateFormatter.ts
FN:6,(anonymous_0)
FNF:1
FNH:1
FNDA:2,(anonymous_0)
DA:6,1
DA:7,2
DA:9,2
DA:10,2
DA:11,2
DA:13,2
LF:6
LH:6
BRF:0
BRH:0
end_of_record
TN:
SF:utils/sessionManager.ts
FN:5,(anonymous_0)
FN:11,(anonymous_1)
FNF:2
FNH:2
FNDA:1,(anonymous_0)
FNDA:6,(anonymous_1)
DA:6,1
DA:7,1
DA:8,1
DA:12,6
LF:4
LH:4
BRDA:12,0,0,6
BRDA:12,0,1,5
BRDA:12,0,2,4
BRF:3
BRH:3
end_of_record
